[0.761s] Invoking command in '/home/krishna/arduinobot_ws/src/arduinobot_py_examples': PYTHONPATH=/home/krishna/arduinobot_ws/build/arduinobot_py_examples/prefix_override:/home/krishna/arduinobot_ws/install/arduinobot_py_examples/lib/python3.10/site-packages:${PYTHONPATH} /usr/bin/python3 -W ignore:setup.py install is deprecated setup.py egg_info --egg-base ../../build/arduinobot_py_examples build --build-base /home/krishna/arduinobot_ws/build/arduinobot_py_examples/build install --record /home/krishna/arduinobot_ws/build/arduinobot_py_examples/install.log --single-version-externally-managed install_data
[1.034s] running egg_info
[1.035s] writing ../../build/arduinobot_py_examples/arduinobot_py_examples.egg-info/PKG-INFO
[1.035s] writing dependency_links to ../../build/arduinobot_py_examples/arduinobot_py_examples.egg-info/dependency_links.txt
[1.036s] writing entry points to ../../build/arduinobot_py_examples/arduinobot_py_examples.egg-info/entry_points.txt
[1.036s] writing requirements to ../../build/arduinobot_py_examples/arduinobot_py_examples.egg-info/requires.txt
[1.036s] writing top-level names to ../../build/arduinobot_py_examples/arduinobot_py_examples.egg-info/top_level.txt
[1.039s] reading manifest file '../../build/arduinobot_py_examples/arduinobot_py_examples.egg-info/SOURCES.txt'
[1.040s] writing manifest file '../../build/arduinobot_py_examples/arduinobot_py_examples.egg-info/SOURCES.txt'
[1.040s] running build
[1.040s] running build_py
[1.040s] copying arduinobot_py_examples/simple_publisher.py -> /home/krishna/arduinobot_ws/build/arduinobot_py_examples/build/lib/arduinobot_py_examples
[1.041s] running install
[1.041s] running install_lib
[1.042s] copying /home/krishna/arduinobot_ws/build/arduinobot_py_examples/build/lib/arduinobot_py_examples/simple_publisher.py -> /home/krishna/arduinobot_ws/install/arduinobot_py_examples/lib/python3.10/site-packages/arduinobot_py_examples
[1.043s] byte-compiling /home/krishna/arduinobot_ws/install/arduinobot_py_examples/lib/python3.10/site-packages/arduinobot_py_examples/simple_publisher.py to simple_publisher.cpython-310.pyc
[1.044s] running install_data
[1.044s] running install_egg_info
[1.046s] removing '/home/krishna/arduinobot_ws/install/arduinobot_py_examples/lib/python3.10/site-packages/arduinobot_py_examples-0.0.0-py3.10.egg-info' (and everything under it)
[1.046s] Copying ../../build/arduinobot_py_examples/arduinobot_py_examples.egg-info to /home/krishna/arduinobot_ws/install/arduinobot_py_examples/lib/python3.10/site-packages/arduinobot_py_examples-0.0.0-py3.10.egg-info
[1.047s] running install_scripts
[1.069s] Installing simple_publisher script to /home/krishna/arduinobot_ws/install/arduinobot_py_examples/lib/arduinobot_py_examples
[1.069s] writing list of installed files to '/home/krishna/arduinobot_ws/build/arduinobot_py_examples/install.log'
[1.092s] Invoked command in '/home/krishna/arduinobot_ws/src/arduinobot_py_examples' returned '0': PYTHONPATH=/home/krishna/arduinobot_ws/build/arduinobot_py_examples/prefix_override:/home/krishna/arduinobot_ws/install/arduinobot_py_examples/lib/python3.10/site-packages:${PYTHONPATH} /usr/bin/python3 -W ignore:setup.py install is deprecated setup.py egg_info --egg-base ../../build/arduinobot_py_examples build --build-base /home/krishna/arduinobot_ws/build/arduinobot_py_examples/build install --record /home/krishna/arduinobot_ws/build/arduinobot_py_examples/install.log --single-version-externally-managed install_data
