[0.015s] Invoking command in '/home/krishna/arduinobot_ws/build/arduinobot_description': /usr/bin/cmake --build /home/krishna/arduinobot_ws/build/arduinobot_description -- -j12 -l12
[0.303s] Invoked command in '/home/krishna/arduinobot_ws/build/arduinobot_description' returned '0': /usr/bin/cmake --build /home/krishna/arduinobot_ws/build/arduinobot_description -- -j12 -l12
[0.430s] Invoking command in '/home/krishna/arduinobot_ws/build/arduinobot_description': /usr/bin/cmake --install /home/krishna/arduinobot_ws/build/arduinobot_description
[0.470s] -- Install configuration: ""
[0.470s] -- Up-to-date: /home/krishna/arduinobot_ws/install/arduinobot_description/share/arduinobot_description/meshes
[0.470s] -- Up-to-date: /home/krishna/arduinobot_ws/install/arduinobot_description/share/arduinobot_description/meshes/triangular_link.STL
[0.470s] -- Up-to-date: /home/krishna/arduinobot_ws/install/arduinobot_description/share/arduinobot_description/meshes/link.STL
[0.470s] -- Up-to-date: /home/krishna/arduinobot_ws/install/arduinobot_description/share/arduinobot_description/meshes/horizontal_arm.STL
[0.470s] -- Up-to-date: /home/krishna/arduinobot_ws/install/arduinobot_description/share/arduinobot_description/meshes/round_plate.STL
[0.470s] -- Up-to-date: /home/krishna/arduinobot_ws/install/arduinobot_description/share/arduinobot_description/meshes/left_finger.STL
[0.470s] -- Up-to-date: /home/krishna/arduinobot_ws/install/arduinobot_description/share/arduinobot_description/meshes/vertical_drive_arm.STL
[0.471s] -- Up-to-date: /home/krishna/arduinobot_ws/install/arduinobot_description/share/arduinobot_description/meshes/forward_drive_arm.STL
[0.471s] -- Up-to-date: /home/krishna/arduinobot_ws/install/arduinobot_description/share/arduinobot_description/meshes/plate.STL
[0.471s] -- Up-to-date: /home/krishna/arduinobot_ws/install/arduinobot_description/share/arduinobot_description/meshes/basement.STL
[0.471s] -- Up-to-date: /home/krishna/arduinobot_ws/install/arduinobot_description/share/arduinobot_description/meshes/claw_support.STL
[0.471s] -- Up-to-date: /home/krishna/arduinobot_ws/install/arduinobot_description/share/arduinobot_description/meshes/right_finger.STL
[0.471s] -- Up-to-date: /home/krishna/arduinobot_ws/install/arduinobot_description/share/arduinobot_description/meshes/base_plate.STL
[0.471s] -- Up-to-date: /home/krishna/arduinobot_ws/install/arduinobot_description/share/arduinobot_description/meshes/servo_plate.STL
[0.471s] -- Up-to-date: /home/krishna/arduinobot_ws/install/arduinobot_description/share/arduinobot_description/urdf
[0.471s] -- Up-to-date: /home/krishna/arduinobot_ws/install/arduinobot_description/share/arduinobot_description/urdf/arduinobot.urdf.xacro
[0.471s] -- Up-to-date: /home/krishna/arduinobot_ws/install/arduinobot_description/share/ament_index/resource_index/package_run_dependencies/arduinobot_description
[0.471s] -- Up-to-date: /home/krishna/arduinobot_ws/install/arduinobot_description/share/ament_index/resource_index/parent_prefix_path/arduinobot_description
[0.471s] -- Up-to-date: /home/krishna/arduinobot_ws/install/arduinobot_description/share/arduinobot_description/environment/ament_prefix_path.sh
[0.472s] -- Up-to-date: /home/krishna/arduinobot_ws/install/arduinobot_description/share/arduinobot_description/environment/ament_prefix_path.dsv
[0.472s] -- Up-to-date: /home/krishna/arduinobot_ws/install/arduinobot_description/share/arduinobot_description/environment/path.sh
[0.472s] -- Up-to-date: /home/krishna/arduinobot_ws/install/arduinobot_description/share/arduinobot_description/environment/path.dsv
[0.472s] -- Up-to-date: /home/krishna/arduinobot_ws/install/arduinobot_description/share/arduinobot_description/local_setup.bash
[0.472s] -- Up-to-date: /home/krishna/arduinobot_ws/install/arduinobot_description/share/arduinobot_description/local_setup.sh
[0.472s] -- Up-to-date: /home/krishna/arduinobot_ws/install/arduinobot_description/share/arduinobot_description/local_setup.zsh
[0.472s] -- Up-to-date: /home/krishna/arduinobot_ws/install/arduinobot_description/share/arduinobot_description/local_setup.dsv
[0.472s] -- Up-to-date: /home/krishna/arduinobot_ws/install/arduinobot_description/share/arduinobot_description/package.dsv
[0.472s] -- Up-to-date: /home/krishna/arduinobot_ws/install/arduinobot_description/share/ament_index/resource_index/packages/arduinobot_description
[0.472s] -- Up-to-date: /home/krishna/arduinobot_ws/install/arduinobot_description/share/arduinobot_description/cmake/arduinobot_descriptionConfig.cmake
[0.473s] -- Up-to-date: /home/krishna/arduinobot_ws/install/arduinobot_description/share/arduinobot_description/cmake/arduinobot_descriptionConfig-version.cmake
[0.473s] -- Up-to-date: /home/krishna/arduinobot_ws/install/arduinobot_description/share/arduinobot_description/package.xml
[0.499s] Invoked command in '/home/krishna/arduinobot_ws/build/arduinobot_description' returned '0': /usr/bin/cmake --install /home/krishna/arduinobot_ws/build/arduinobot_description
