[0.864s] Invoking command in '/home/krishna/arduinobot_ws/src/arduinobot_py_examples': PYTHONPATH=/home/krishna/arduinobot_ws/build/arduinobot_py_examples/prefix_override:/home/krishna/arduinobot_ws/install/arduinobot_py_examples/lib/python3.10/site-packages:${PYTHONPATH} /usr/bin/python3 -W ignore:setup.py install is deprecated setup.py egg_info --egg-base ../../build/arduinobot_py_examples build --build-base /home/krishna/arduinobot_ws/build/arduinobot_py_examples/build install --record /home/krishna/arduinobot_ws/build/arduinobot_py_examples/install.log --single-version-externally-managed install_data
[1.140s] running egg_info
[1.141s] writing ../../build/arduinobot_py_examples/arduinobot_py_examples.egg-info/PKG-INFO
[1.141s] writing dependency_links to ../../build/arduinobot_py_examples/arduinobot_py_examples.egg-info/dependency_links.txt
[1.141s] writing entry points to ../../build/arduinobot_py_examples/arduinobot_py_examples.egg-info/entry_points.txt
[1.142s] writing requirements to ../../build/arduinobot_py_examples/arduinobot_py_examples.egg-info/requires.txt
[1.142s] writing top-level names to ../../build/arduinobot_py_examples/arduinobot_py_examples.egg-info/top_level.txt
[1.144s] reading manifest file '../../build/arduinobot_py_examples/arduinobot_py_examples.egg-info/SOURCES.txt'
[1.145s] writing manifest file '../../build/arduinobot_py_examples/arduinobot_py_examples.egg-info/SOURCES.txt'
[1.145s] running build
[1.145s] running build_py
[1.145s] copying arduinobot_py_examples/simple_publisher.py -> /home/krishna/arduinobot_ws/build/arduinobot_py_examples/build/lib/arduinobot_py_examples
[1.145s] running install
[1.146s] running install_lib
[1.147s] copying /home/krishna/arduinobot_ws/build/arduinobot_py_examples/build/lib/arduinobot_py_examples/simple_publisher.py -> /home/krishna/arduinobot_ws/install/arduinobot_py_examples/lib/python3.10/site-packages/arduinobot_py_examples
[1.147s] byte-compiling /home/krishna/arduinobot_ws/install/arduinobot_py_examples/lib/python3.10/site-packages/arduinobot_py_examples/simple_publisher.py to simple_publisher.cpython-310.pyc
[1.148s] running install_data
[1.148s] running install_egg_info
[1.150s] removing '/home/krishna/arduinobot_ws/install/arduinobot_py_examples/lib/python3.10/site-packages/arduinobot_py_examples-0.0.0-py3.10.egg-info' (and everything under it)
[1.151s] Copying ../../build/arduinobot_py_examples/arduinobot_py_examples.egg-info to /home/krishna/arduinobot_ws/install/arduinobot_py_examples/lib/python3.10/site-packages/arduinobot_py_examples-0.0.0-py3.10.egg-info
[1.152s] running install_scripts
[1.177s] Installing simple_publisher script to /home/krishna/arduinobot_ws/install/arduinobot_py_examples/lib/arduinobot_py_examples
[1.177s] writing list of installed files to '/home/krishna/arduinobot_ws/build/arduinobot_py_examples/install.log'
[1.216s] Invoked command in '/home/krishna/arduinobot_ws/src/arduinobot_py_examples' returned '0': PYTHONPATH=/home/krishna/arduinobot_ws/build/arduinobot_py_examples/prefix_override:/home/krishna/arduinobot_ws/install/arduinobot_py_examples/lib/python3.10/site-packages:${PYTHONPATH} /usr/bin/python3 -W ignore:setup.py install is deprecated setup.py egg_info --egg-base ../../build/arduinobot_py_examples build --build-base /home/krishna/arduinobot_ws/build/arduinobot_py_examples/build install --record /home/krishna/arduinobot_ws/build/arduinobot_py_examples/install.log --single-version-externally-managed install_data
