[0.599s] Invoking command in '/home/krishna/arduinobot_ws/src/arduinobot_py_examples': PYTHONPATH=/home/krishna/arduinobot_ws/build/arduinobot_py_examples/prefix_override:/home/krishna/arduinobot_ws/install/arduinobot_py_examples/lib/python3.10/site-packages:${PYTHONPATH} /usr/bin/python3 -W ignore:setup.py install is deprecated setup.py egg_info --egg-base ../../build/arduinobot_py_examples build --build-base /home/krishna/arduinobot_ws/build/arduinobot_py_examples/build install --record /home/krishna/arduinobot_ws/build/arduinobot_py_examples/install.log --single-version-externally-managed install_data
[0.792s] running egg_info
[0.793s] creating ../../build/arduinobot_py_examples/arduinobot_py_examples.egg-info
[0.794s] writing ../../build/arduinobot_py_examples/arduinobot_py_examples.egg-info/PKG-INFO
[0.794s] writing dependency_links to ../../build/arduinobot_py_examples/arduinobot_py_examples.egg-info/dependency_links.txt
[0.794s] writing entry points to ../../build/arduinobot_py_examples/arduinobot_py_examples.egg-info/entry_points.txt
[0.794s] writing requirements to ../../build/arduinobot_py_examples/arduinobot_py_examples.egg-info/requires.txt
[0.794s] writing top-level names to ../../build/arduinobot_py_examples/arduinobot_py_examples.egg-info/top_level.txt
[0.794s] writing manifest file '../../build/arduinobot_py_examples/arduinobot_py_examples.egg-info/SOURCES.txt'
[0.795s] reading manifest file '../../build/arduinobot_py_examples/arduinobot_py_examples.egg-info/SOURCES.txt'
[0.795s] writing manifest file '../../build/arduinobot_py_examples/arduinobot_py_examples.egg-info/SOURCES.txt'
[0.795s] running build
[0.795s] running build_py
[0.796s] creating /home/krishna/arduinobot_ws/build/arduinobot_py_examples/build
[0.796s] creating /home/krishna/arduinobot_ws/build/arduinobot_py_examples/build/lib
[0.796s] creating /home/krishna/arduinobot_ws/build/arduinobot_py_examples/build/lib/arduinobot_py_examples
[0.796s] copying arduinobot_py_examples/__init__.py -> /home/krishna/arduinobot_ws/build/arduinobot_py_examples/build/lib/arduinobot_py_examples
[0.796s] running install
[0.796s] running install_lib
[0.796s] creating /home/krishna/arduinobot_ws/install/arduinobot_py_examples/lib/python3.10/site-packages/arduinobot_py_examples
[0.797s] copying /home/krishna/arduinobot_ws/build/arduinobot_py_examples/build/lib/arduinobot_py_examples/__init__.py -> /home/krishna/arduinobot_ws/install/arduinobot_py_examples/lib/python3.10/site-packages/arduinobot_py_examples
[0.797s] byte-compiling /home/krishna/arduinobot_ws/install/arduinobot_py_examples/lib/python3.10/site-packages/arduinobot_py_examples/__init__.py to __init__.cpython-310.pyc
[0.797s] running install_data
[0.797s] creating /home/krishna/arduinobot_ws/install/arduinobot_py_examples/share/ament_index
[0.797s] creating /home/krishna/arduinobot_ws/install/arduinobot_py_examples/share/ament_index/resource_index
[0.797s] creating /home/krishna/arduinobot_ws/install/arduinobot_py_examples/share/ament_index/resource_index/packages
[0.797s] copying resource/arduinobot_py_examples -> /home/krishna/arduinobot_ws/install/arduinobot_py_examples/share/ament_index/resource_index/packages
[0.797s] copying package.xml -> /home/krishna/arduinobot_ws/install/arduinobot_py_examples/share/arduinobot_py_examples
[0.797s] running install_egg_info
[0.799s] Copying ../../build/arduinobot_py_examples/arduinobot_py_examples.egg-info to /home/krishna/arduinobot_ws/install/arduinobot_py_examples/lib/python3.10/site-packages/arduinobot_py_examples-0.0.0-py3.10.egg-info
[0.799s] running install_scripts
[0.815s] writing list of installed files to '/home/krishna/arduinobot_ws/build/arduinobot_py_examples/install.log'
[0.838s] Invoked command in '/home/krishna/arduinobot_ws/src/arduinobot_py_examples' returned '0': PYTHONPATH=/home/krishna/arduinobot_ws/build/arduinobot_py_examples/prefix_override:/home/krishna/arduinobot_ws/install/arduinobot_py_examples/lib/python3.10/site-packages:${PYTHONPATH} /usr/bin/python3 -W ignore:setup.py install is deprecated setup.py egg_info --egg-base ../../build/arduinobot_py_examples build --build-base /home/krishna/arduinobot_ws/build/arduinobot_py_examples/build install --record /home/krishna/arduinobot_ws/build/arduinobot_py_examples/install.log --single-version-externally-managed install_data
