[0.020s] Invoking command in '/home/krishna/arduinobot_ws/build/arduinobot_description': CMAKE_PREFIX_PATH=/opt/ros/humble /usr/bin/cmake --build /home/krishna/arduinobot_ws/build/arduinobot_description -- -j12 -l12
[0.052s] -- Found ament_cmake: 1.3.9 (/opt/ros/humble/share/ament_cmake/cmake)
[0.216s] -- Found ament_lint_auto: 0.12.11 (/opt/ros/humble/share/ament_lint_auto/cmake)
[0.309s] -- Added test 'lint_cmake' to check CMake code style
[0.312s] -- Added test 'xmllint' to check XML markup files
[0.314s] -- Configuring done
[0.321s] -- Generating done
[0.323s] -- Build files have been written to: /home/krishna/arduinobot_ws/build/arduinobot_description
[0.354s] Invoked command in '/home/krishna/arduinobot_ws/build/arduinobot_description' returned '0': CMAKE_PREFIX_PATH=/opt/ros/humble /usr/bin/cmake --build /home/krishna/arduinobot_ws/build/arduinobot_description -- -j12 -l12
[0.391s] Invoking command in '/home/krishna/arduinobot_ws/build/arduinobot_description': CMAKE_PREFIX_PATH=/opt/ros/humble /usr/bin/cmake --install /home/krishna/arduinobot_ws/build/arduinobot_description
[0.400s] -- Install configuration: ""
[0.401s] -- Installing: /home/krishna/arduinobot_ws/install/arduinobot_description/share/arduinobot_description/meshes
[0.401s] -- Installing: /home/krishna/arduinobot_ws/install/arduinobot_description/share/arduinobot_description/meshes/triangular_link.STL
[0.404s] -- Installing: /home/krishna/arduinobot_ws/install/arduinobot_description/share/arduinobot_description/meshes/link.STL
[0.407s] -- Installing: /home/krishna/arduinobot_ws/install/arduinobot_description/share/arduinobot_description/meshes/horizontal_arm.STL
[0.415s] -- Installing: /home/krishna/arduinobot_ws/install/arduinobot_description/share/arduinobot_description/meshes/round_plate.STL
[0.417s] -- Installing: /home/krishna/arduinobot_ws/install/arduinobot_description/share/arduinobot_description/meshes/left_finger.STL
[0.417s] -- Installing: /home/krishna/arduinobot_ws/install/arduinobot_description/share/arduinobot_description/meshes/vertical_drive_arm.STL
[0.422s] -- Installing: /home/krishna/arduinobot_ws/install/arduinobot_description/share/arduinobot_description/meshes/forward_drive_arm.STL
[0.432s] -- Installing: /home/krishna/arduinobot_ws/install/arduinobot_description/share/arduinobot_description/meshes/plate.STL
[0.442s] -- Installing: /home/krishna/arduinobot_ws/install/arduinobot_description/share/arduinobot_description/meshes/basement.STL
[0.447s] -- Installing: /home/krishna/arduinobot_ws/install/arduinobot_description/share/arduinobot_description/meshes/claw_support.STL
[0.450s] -- Installing: /home/krishna/arduinobot_ws/install/arduinobot_description/share/arduinobot_description/meshes/right_finger.STL
[0.451s] -- Installing: /home/krishna/arduinobot_ws/install/arduinobot_description/share/arduinobot_description/meshes/base_plate.STL
[0.462s] -- Installing: /home/krishna/arduinobot_ws/install/arduinobot_description/share/arduinobot_description/meshes/servo_plate.STL
[0.463s] -- Installing: /home/krishna/arduinobot_ws/install/arduinobot_description/share/arduinobot_description/urdf
[0.463s] -- Installing: /home/krishna/arduinobot_ws/install/arduinobot_description/share/arduinobot_description/urdf/arduinobot.urdf.xacro
[0.463s] -- Up-to-date: /home/krishna/arduinobot_ws/install/arduinobot_description/share/ament_index/resource_index/package_run_dependencies/arduinobot_description
[0.463s] -- Up-to-date: /home/krishna/arduinobot_ws/install/arduinobot_description/share/ament_index/resource_index/parent_prefix_path/arduinobot_description
[0.464s] -- Up-to-date: /home/krishna/arduinobot_ws/install/arduinobot_description/share/arduinobot_description/environment/ament_prefix_path.sh
[0.464s] -- Installing: /home/krishna/arduinobot_ws/install/arduinobot_description/share/arduinobot_description/environment/ament_prefix_path.dsv
[0.464s] -- Up-to-date: /home/krishna/arduinobot_ws/install/arduinobot_description/share/arduinobot_description/environment/path.sh
[0.464s] -- Installing: /home/krishna/arduinobot_ws/install/arduinobot_description/share/arduinobot_description/environment/path.dsv
[0.464s] -- Up-to-date: /home/krishna/arduinobot_ws/install/arduinobot_description/share/arduinobot_description/local_setup.bash
[0.464s] -- Up-to-date: /home/krishna/arduinobot_ws/install/arduinobot_description/share/arduinobot_description/local_setup.sh
[0.464s] -- Up-to-date: /home/krishna/arduinobot_ws/install/arduinobot_description/share/arduinobot_description/local_setup.zsh
[0.465s] -- Installing: /home/krishna/arduinobot_ws/install/arduinobot_description/share/arduinobot_description/local_setup.dsv
[0.465s] -- Installing: /home/krishna/arduinobot_ws/install/arduinobot_description/share/arduinobot_description/package.dsv
[0.465s] -- Up-to-date: /home/krishna/arduinobot_ws/install/arduinobot_description/share/ament_index/resource_index/packages/arduinobot_description
[0.465s] -- Up-to-date: /home/krishna/arduinobot_ws/install/arduinobot_description/share/arduinobot_description/cmake/arduinobot_descriptionConfig.cmake
[0.465s] -- Up-to-date: /home/krishna/arduinobot_ws/install/arduinobot_description/share/arduinobot_description/cmake/arduinobot_descriptionConfig-version.cmake
[0.465s] -- Up-to-date: /home/krishna/arduinobot_ws/install/arduinobot_description/share/arduinobot_description/package.xml
[0.468s] Invoked command in '/home/krishna/arduinobot_ws/build/arduinobot_description' returned '0': CMAKE_PREFIX_PATH=/opt/ros/humble /usr/bin/cmake --install /home/krishna/arduinobot_ws/build/arduinobot_description
