[0.016s] Invoking command in '/home/krishna/arduinobot_ws/build/arduinobot_cpp_examples': /usr/bin/cmake --build /home/krishna/arduinobot_ws/build/arduinobot_cpp_examples -- -j12 -l12
[0.246s] Invoked command in '/home/krishna/arduinobot_ws/build/arduinobot_cpp_examples' returned '0': /usr/bin/cmake --build /home/krishna/arduinobot_ws/build/arduinobot_cpp_examples -- -j12 -l12
[0.286s] Invoking command in '/home/krishna/arduinobot_ws/build/arduinobot_cpp_examples': /usr/bin/cmake --install /home/krishna/arduinobot_ws/build/arduinobot_cpp_examples
[0.296s] -- Install configuration: ""
[0.296s] -- Up-to-date: /home/krishna/arduinobot_ws/install/arduinobot_cpp_examples/share/ament_index/resource_index/package_run_dependencies/arduinobot_cpp_examples
[0.297s] -- Up-to-date: /home/krishna/arduinobot_ws/install/arduinobot_cpp_examples/share/ament_index/resource_index/parent_prefix_path/arduinobot_cpp_examples
[0.297s] -- Up-to-date: /home/krishna/arduinobot_ws/install/arduinobot_cpp_examples/share/arduinobot_cpp_examples/environment/ament_prefix_path.sh
[0.297s] -- Up-to-date: /home/krishna/arduinobot_ws/install/arduinobot_cpp_examples/share/arduinobot_cpp_examples/environment/ament_prefix_path.dsv
[0.297s] -- Up-to-date: /home/krishna/arduinobot_ws/install/arduinobot_cpp_examples/share/arduinobot_cpp_examples/environment/path.sh
[0.297s] -- Up-to-date: /home/krishna/arduinobot_ws/install/arduinobot_cpp_examples/share/arduinobot_cpp_examples/environment/path.dsv
[0.297s] -- Up-to-date: /home/krishna/arduinobot_ws/install/arduinobot_cpp_examples/share/arduinobot_cpp_examples/local_setup.bash
[0.298s] -- Up-to-date: /home/krishna/arduinobot_ws/install/arduinobot_cpp_examples/share/arduinobot_cpp_examples/local_setup.sh
[0.298s] -- Up-to-date: /home/krishna/arduinobot_ws/install/arduinobot_cpp_examples/share/arduinobot_cpp_examples/local_setup.zsh
[0.298s] -- Up-to-date: /home/krishna/arduinobot_ws/install/arduinobot_cpp_examples/share/arduinobot_cpp_examples/local_setup.dsv
[0.298s] -- Up-to-date: /home/krishna/arduinobot_ws/install/arduinobot_cpp_examples/share/arduinobot_cpp_examples/package.dsv
[0.298s] -- Up-to-date: /home/krishna/arduinobot_ws/install/arduinobot_cpp_examples/share/ament_index/resource_index/packages/arduinobot_cpp_examples
[0.298s] -- Up-to-date: /home/krishna/arduinobot_ws/install/arduinobot_cpp_examples/share/arduinobot_cpp_examples/cmake/arduinobot_cpp_examplesConfig.cmake
[0.298s] -- Up-to-date: /home/krishna/arduinobot_ws/install/arduinobot_cpp_examples/share/arduinobot_cpp_examples/cmake/arduinobot_cpp_examplesConfig-version.cmake
[0.298s] -- Up-to-date: /home/krishna/arduinobot_ws/install/arduinobot_cpp_examples/share/arduinobot_cpp_examples/package.xml
[0.300s] Invoked command in '/home/krishna/arduinobot_ws/build/arduinobot_cpp_examples' returned '0': /usr/bin/cmake --install /home/krishna/arduinobot_ws/build/arduinobot_cpp_examples
