[0.685s] Invoking command in '/home/krishna/arduinobot_ws/src/arduinobot_py_examples': PYTHONPATH=/home/krishna/arduinobot_ws/build/arduinobot_py_examples/prefix_override:/home/krishna/arduinobot_ws/install/arduinobot_py_examples/lib/python3.10/site-packages: /usr/bin/python3 -W ignore:setup.py install is deprecated setup.py egg_info --egg-base ../../build/arduinobot_py_examples build --build-base /home/krishna/arduinobot_ws/build/arduinobot_py_examples/build install --record /home/krishna/arduinobot_ws/build/arduinobot_py_examples/install.log --single-version-externally-managed install_data
[0.895s] running egg_info
[0.895s] writing ../../build/arduinobot_py_examples/arduinobot_py_examples.egg-info/PKG-INFO
[0.896s] writing dependency_links to ../../build/arduinobot_py_examples/arduinobot_py_examples.egg-info/dependency_links.txt
[0.896s] writing entry points to ../../build/arduinobot_py_examples/arduinobot_py_examples.egg-info/entry_points.txt
[0.896s] writing requirements to ../../build/arduinobot_py_examples/arduinobot_py_examples.egg-info/requires.txt
[0.896s] writing top-level names to ../../build/arduinobot_py_examples/arduinobot_py_examples.egg-info/top_level.txt
[0.899s] reading manifest file '../../build/arduinobot_py_examples/arduinobot_py_examples.egg-info/SOURCES.txt'
[0.900s] writing manifest file '../../build/arduinobot_py_examples/arduinobot_py_examples.egg-info/SOURCES.txt'
[0.900s] running build
[0.900s] running build_py
[0.901s] running install
[0.901s] running install_lib
[0.902s] running install_data
[0.902s] copying package.xml -> /home/krishna/arduinobot_ws/install/arduinobot_py_examples/share/arduinobot_py_examples
[0.902s] running install_egg_info
[0.904s] removing '/home/krishna/arduinobot_ws/install/arduinobot_py_examples/lib/python3.10/site-packages/arduinobot_py_examples-0.0.0-py3.10.egg-info' (and everything under it)
[0.905s] Copying ../../build/arduinobot_py_examples/arduinobot_py_examples.egg-info to /home/krishna/arduinobot_ws/install/arduinobot_py_examples/lib/python3.10/site-packages/arduinobot_py_examples-0.0.0-py3.10.egg-info
[0.906s] running install_scripts
[0.927s] Installing simple_publisher script to /home/krishna/arduinobot_ws/install/arduinobot_py_examples/lib/arduinobot_py_examples
[0.928s] writing list of installed files to '/home/krishna/arduinobot_ws/build/arduinobot_py_examples/install.log'
[0.952s] Invoked command in '/home/krishna/arduinobot_ws/src/arduinobot_py_examples' returned '0': PYTHONPATH=/home/krishna/arduinobot_ws/build/arduinobot_py_examples/prefix_override:/home/krishna/arduinobot_ws/install/arduinobot_py_examples/lib/python3.10/site-packages: /usr/bin/python3 -W ignore:setup.py install is deprecated setup.py egg_info --egg-base ../../build/arduinobot_py_examples build --build-base /home/krishna/arduinobot_ws/build/arduinobot_py_examples/build install --record /home/krishna/arduinobot_ws/build/arduinobot_py_examples/install.log --single-version-externally-managed install_data
