[0.023s] Invoking command in '/home/krishna/arduinobot_ws/build/arduinobot_cpp_examples': CMAKE_PREFIX_PATH=/opt/ros/humble /usr/bin/cmake --build /home/krishna/arduinobot_ws/build/arduinobot_cpp_examples -- -j12 -l12
[0.351s] Invoked command in '/home/krishna/arduinobot_ws/build/arduinobot_cpp_examples' returned '0': CMAKE_PREFIX_PATH=/opt/ros/humble /usr/bin/cmake --build /home/krishna/arduinobot_ws/build/arduinobot_cpp_examples -- -j12 -l12
[0.395s] Invoking command in '/home/krishna/arduinobot_ws/build/arduinobot_cpp_examples': CMAKE_PREFIX_PATH=/opt/ros/humble /usr/bin/cmake --install /home/krishna/arduinobot_ws/build/arduinobot_cpp_examples
[0.405s] -- Install configuration: ""
[0.406s] -- Up-to-date: /home/krishna/arduinobot_ws/install/arduinobot_cpp_examples/share/ament_index/resource_index/package_run_dependencies/arduinobot_cpp_examples
[0.406s] -- Up-to-date: /home/krishna/arduinobot_ws/install/arduinobot_cpp_examples/share/ament_index/resource_index/parent_prefix_path/arduinobot_cpp_examples
[0.406s] -- Up-to-date: /home/krishna/arduinobot_ws/install/arduinobot_cpp_examples/share/arduinobot_cpp_examples/environment/ament_prefix_path.sh
[0.406s] -- Up-to-date: /home/krishna/arduinobot_ws/install/arduinobot_cpp_examples/share/arduinobot_cpp_examples/environment/ament_prefix_path.dsv
[0.406s] -- Up-to-date: /home/krishna/arduinobot_ws/install/arduinobot_cpp_examples/share/arduinobot_cpp_examples/environment/path.sh
[0.406s] -- Up-to-date: /home/krishna/arduinobot_ws/install/arduinobot_cpp_examples/share/arduinobot_cpp_examples/environment/path.dsv
[0.406s] -- Up-to-date: /home/krishna/arduinobot_ws/install/arduinobot_cpp_examples/share/arduinobot_cpp_examples/local_setup.bash
[0.406s] -- Up-to-date: /home/krishna/arduinobot_ws/install/arduinobot_cpp_examples/share/arduinobot_cpp_examples/local_setup.sh
[0.406s] -- Up-to-date: /home/krishna/arduinobot_ws/install/arduinobot_cpp_examples/share/arduinobot_cpp_examples/local_setup.zsh
[0.406s] -- Up-to-date: /home/krishna/arduinobot_ws/install/arduinobot_cpp_examples/share/arduinobot_cpp_examples/local_setup.dsv
[0.406s] -- Up-to-date: /home/krishna/arduinobot_ws/install/arduinobot_cpp_examples/share/arduinobot_cpp_examples/package.dsv
[0.407s] -- Up-to-date: /home/krishna/arduinobot_ws/install/arduinobot_cpp_examples/share/ament_index/resource_index/packages/arduinobot_cpp_examples
[0.407s] -- Up-to-date: /home/krishna/arduinobot_ws/install/arduinobot_cpp_examples/share/arduinobot_cpp_examples/cmake/arduinobot_cpp_examplesConfig.cmake
[0.407s] -- Up-to-date: /home/krishna/arduinobot_ws/install/arduinobot_cpp_examples/share/arduinobot_cpp_examples/cmake/arduinobot_cpp_examplesConfig-version.cmake
[0.407s] -- Up-to-date: /home/krishna/arduinobot_ws/install/arduinobot_cpp_examples/share/arduinobot_cpp_examples/package.xml
[0.409s] Invoked command in '/home/krishna/arduinobot_ws/build/arduinobot_cpp_examples' returned '0': CMAKE_PREFIX_PATH=/opt/ros/humble /usr/bin/cmake --install /home/krishna/arduinobot_ws/build/arduinobot_cpp_examples
