[0.016s] Invoking command in '/home/krishna/arduinobot_ws/build/arduinobot_description': CMAKE_PREFIX_PATH=/opt/ros/humble /usr/bin/cmake /home/krishna/arduinobot_ws/src/arduinobot_description -DCMAKE_INSTALL_PREFIX=/home/krishna/arduinobot_ws/install/arduinobot_description
[0.120s] -- The C compiler identification is GNU 11.4.0
[0.193s] -- The CXX compiler identification is GNU 11.4.0
[0.201s] -- Detecting C compiler ABI info
[0.268s] -- Detecting C compiler ABI info - done
[0.276s] -- Check for working C compiler: /usr/bin/cc - skipped
[0.277s] -- Detecting C compile features
[0.277s] -- Detecting C compile features - done
[0.280s] -- Detecting CXX compiler ABI info
[0.354s] -- Detecting CXX compiler ABI info - done
[0.359s] -- Check for working CXX compiler: /usr/bin/c++ - skipped
[0.360s] -- Detecting CXX compile features
[0.360s] -- Detecting CXX compile features - done
[0.364s] -- Found ament_cmake: 1.3.9 (/opt/ros/humble/share/ament_cmake/cmake)
[0.486s] -- Found Python3: /usr/bin/python3 (found version "3.10.12") found components: Interpreter 
[0.570s] -- Found ament_lint_auto: 0.12.11 (/opt/ros/humble/share/ament_lint_auto/cmake)
[0.641s] -- Added test 'lint_cmake' to check CMake code style
[0.642s] -- Added test 'xmllint' to check XML markup files
[0.643s] -- Configuring done
[0.646s] -- Generating done
[0.647s] -- Build files have been written to: /home/krishna/arduinobot_ws/build/arduinobot_description
[0.651s] Invoked command in '/home/krishna/arduinobot_ws/build/arduinobot_description' returned '0': CMAKE_PREFIX_PATH=/opt/ros/humble /usr/bin/cmake /home/krishna/arduinobot_ws/src/arduinobot_description -DCMAKE_INSTALL_PREFIX=/home/krishna/arduinobot_ws/install/arduinobot_description
[0.652s] Invoking command in '/home/krishna/arduinobot_ws/build/arduinobot_description': CMAKE_PREFIX_PATH=/opt/ros/humble /usr/bin/cmake --build /home/krishna/arduinobot_ws/build/arduinobot_description -- -j12 -l12
[0.689s] Invoked command in '/home/krishna/arduinobot_ws/build/arduinobot_description' returned '0': CMAKE_PREFIX_PATH=/opt/ros/humble /usr/bin/cmake --build /home/krishna/arduinobot_ws/build/arduinobot_description -- -j12 -l12
[0.711s] Invoking command in '/home/krishna/arduinobot_ws/build/arduinobot_description': CMAKE_PREFIX_PATH=/opt/ros/humble /usr/bin/cmake --install /home/krishna/arduinobot_ws/build/arduinobot_description
[0.717s] -- Install configuration: ""
[0.718s] -- Installing: /home/krishna/arduinobot_ws/install/arduinobot_description/share/ament_index/resource_index/package_run_dependencies/arduinobot_description
[0.718s] -- Installing: /home/krishna/arduinobot_ws/install/arduinobot_description/share/ament_index/resource_index/parent_prefix_path/arduinobot_description
[0.718s] -- Installing: /home/krishna/arduinobot_ws/install/arduinobot_description/share/arduinobot_description/environment/ament_prefix_path.sh
[0.719s] -- Installing: /home/krishna/arduinobot_ws/install/arduinobot_description/share/arduinobot_description/environment/ament_prefix_path.dsv
[0.719s] -- Installing: /home/krishna/arduinobot_ws/install/arduinobot_description/share/arduinobot_description/environment/path.sh
[0.719s] -- Installing: /home/krishna/arduinobot_ws/install/arduinobot_description/share/arduinobot_description/environment/path.dsv
[0.719s] -- Installing: /home/krishna/arduinobot_ws/install/arduinobot_description/share/arduinobot_description/local_setup.bash
[0.719s] -- Installing: /home/krishna/arduinobot_ws/install/arduinobot_description/share/arduinobot_description/local_setup.sh
[0.719s] -- Installing: /home/krishna/arduinobot_ws/install/arduinobot_description/share/arduinobot_description/local_setup.zsh
[0.719s] -- Installing: /home/krishna/arduinobot_ws/install/arduinobot_description/share/arduinobot_description/local_setup.dsv
[0.719s] -- Installing: /home/krishna/arduinobot_ws/install/arduinobot_description/share/arduinobot_description/package.dsv
[0.719s] -- Installing: /home/krishna/arduinobot_ws/install/arduinobot_description/share/ament_index/resource_index/packages/arduinobot_description
[0.720s] -- Installing: /home/krishna/arduinobot_ws/install/arduinobot_description/share/arduinobot_description/cmake/arduinobot_descriptionConfig.cmake
[0.720s] -- Installing: /home/krishna/arduinobot_ws/install/arduinobot_description/share/arduinobot_description/cmake/arduinobot_descriptionConfig-version.cmake
[0.720s] -- Installing: /home/krishna/arduinobot_ws/install/arduinobot_description/share/arduinobot_description/package.xml
[0.722s] Invoked command in '/home/krishna/arduinobot_ws/build/arduinobot_description' returned '0': CMAKE_PREFIX_PATH=/opt/ros/humble /usr/bin/cmake --install /home/krishna/arduinobot_ws/build/arduinobot_description
